2024-12-08 01:46:40 [main] INFO : Програма стартує...
2024-12-08 01:46:41 [main] INFO : Ініціалізація мобільних мереж, тарифів та абонентів...
2024-12-08 01:46:41 [main] INFO : Мобільна мережа Kyivstar успішно ініціалізована.
2024-12-08 01:46:41 [main] INFO : Мобільна мережа Vodafone успішно ініціалізована.
2024-12-08 01:46:41 [main] INFO : Мобільна мережа Lifecell успішно ініціалізована.
2024-12-08 01:46:41 [main] INFO : Сервіси мобільних мереж успішно створено.
2024-12-08 01:46:41 [main] INFO : Абоненти успішно ініціалізовані.
2024-12-08 01:46:41 [main] INFO : Меню входу створюється...
2024-12-08 01:47:18 [main] INFO : Меню входу успішно виконано.
2024-12-08 01:47:18 [main] INFO : Програма завершила виконання.
2024-12-08 01:52:07 [main] INFO : Програма стартує...
2024-12-08 01:52:07 [main] INFO : Ініціалізація мобільних мереж, тарифів та абонентів...
2024-12-08 01:52:07 [main] INFO : Мобільна мережа Kyivstar успішно ініціалізована.
2024-12-08 01:52:07 [main] INFO : Мобільна мережа Vodafone успішно ініціалізована.
2024-12-08 01:52:07 [main] INFO : Мобільна мережа Lifecell успішно ініціалізована.
2024-12-08 01:52:07 [main] INFO : Сервіси мобільних мереж успішно створено.
2024-12-08 01:52:07 [main] INFO : Абоненти успішно ініціалізовані.
2024-12-08 01:52:07 [main] INFO : Меню входу створюється...
2024-12-08 02:02:03 [main] FATAL: Програма стартує...
2024-12-08 02:02:08 [main] INFO : Ініціалізація мобільних мереж, тарифів та абонентів...
2024-12-08 02:02:08 [main] INFO : Мобільна мережа Kyivstar успішно ініціалізована.
2024-12-08 02:02:08 [main] INFO : Мобільна мережа Vodafone успішно ініціалізована.
2024-12-08 02:02:08 [main] INFO : Мобільна мережа Lifecell успішно ініціалізована.
2024-12-08 02:02:08 [main] INFO : Сервіси мобільних мереж успішно створено.
2024-12-08 02:02:08 [main] INFO : Абоненти успішно ініціалізовані.
2024-12-08 02:02:08 [main] INFO : Меню входу створюється...
2024-12-08 02:02:08 [main] INFO : LoginMenu ініціалізовано з 3 операторами та 2 абонентами.
2024-12-08 02:02:08 [main] INFO : Виконання LoginMenu розпочато.
2024-12-08 02:07:05 [main] FATAL: Програма стартує...
2024-12-08 02:07:10 [main] INFO : Ініціалізація мобільних мереж, тарифів та абонентів...
2024-12-08 02:07:10 [main] INFO : Мобільна мережа Kyivstar успішно ініціалізована.
2024-12-08 02:07:10 [main] INFO : Мобільна мережа Vodafone успішно ініціалізована.
2024-12-08 02:07:10 [main] INFO : Мобільна мережа Lifecell успішно ініціалізована.
2024-12-08 02:07:10 [main] INFO : Сервіси мобільних мереж успішно створено.
2024-12-08 02:07:10 [main] INFO : Абоненти успішно ініціалізовані.
2024-12-08 02:07:10 [main] INFO : Меню входу створюється...
2024-12-08 02:07:10 [main] INFO : LoginMenu ініціалізовано з 3 операторами та 2 абонентами.
2024-12-08 02:07:10 [main] INFO : Виконання LoginMenu розпочато.
2024-12-08 02:10:14 [main] FATAL: Програма стартує...
2024-12-08 02:10:19 [main] INFO : Ініціалізація мобільних мереж, тарифів та абонентів...
2024-12-08 02:10:19 [main] INFO : Мобільна мережа Kyivstar успішно ініціалізована.
2024-12-08 02:10:19 [main] INFO : Мобільна мережа Vodafone успішно ініціалізована.
2024-12-08 02:10:19 [main] INFO : Мобільна мережа Lifecell успішно ініціалізована.
2024-12-08 02:10:19 [main] INFO : Сервіси мобільних мереж успішно створено.
2024-12-08 02:10:19 [main] INFO : Абоненти успішно ініціалізовані.
2024-12-08 02:10:19 [main] INFO : Меню входу створюється...
2024-12-08 02:10:19 [main] INFO : LoginMenu ініціалізовано з 3 операторами та 2 абонентами.
2024-12-08 02:10:19 [main] INFO : Виконання LoginMenu розпочато.
2024-12-08 02:13:10 [main] FATAL: Програма стартує...
2024-12-08 02:13:15 [main] INFO : Ініціалізація мобільних мереж, тарифів та абонентів...
2024-12-08 02:13:15 [main] INFO : Мобільна мережа Kyivstar успішно ініціалізована.
2024-12-08 02:13:15 [main] INFO : Мобільна мережа Vodafone успішно ініціалізована.
2024-12-08 02:13:15 [main] INFO : Мобільна мережа Lifecell успішно ініціалізована.
2024-12-08 02:13:15 [main] INFO : Сервіси мобільних мереж успішно створено.
2024-12-08 02:13:15 [main] INFO : Абоненти успішно ініціалізовані.
2024-12-08 02:13:15 [main] INFO : Меню входу створюється...
2024-12-08 02:13:15 [main] INFO : LoginMenu ініціалізовано з 3 операторами та 2 абонентами.
2024-12-08 02:13:15 [main] INFO : Виконання LoginMenu розпочато.
2024-12-08 02:14:56 [main] INFO : Ініціалізація мобільних мереж, тарифів та абонентів...
2024-12-08 02:14:56 [main] INFO : Мобільна мережа Kyivstar успішно ініціалізована.
2024-12-08 02:14:56 [main] INFO : Мобільна мережа Vodafone успішно ініціалізована.
2024-12-08 02:14:56 [main] INFO : Мобільна мережа Lifecell успішно ініціалізована.
2024-12-08 02:14:56 [main] INFO : Сервіси мобільних мереж успішно створено.
2024-12-08 02:14:56 [main] INFO : Абоненти успішно ініціалізовані.
2024-12-08 02:14:56 [main] INFO : Меню входу створюється...
2024-12-08 02:14:57 [main] INFO : LoginMenu ініціалізовано з 3 операторами та 2 абонентами.
2024-12-08 02:14:57 [main] INFO : Виконання LoginMenu розпочато.
2024-12-08 02:14:57 [main] INFO : Користувач обрав роль: мобільний оператор.
2024-12-08 02:14:57 [main] INFO : Успішний вхід мобільного оператора: 'kyivstar'.
2024-12-08 02:14:57 [main] INFO : Вхід мобільного оператора 'Kyivstar' успішний.
2024-12-08 02:14:57 [main] INFO : Обробка мобільного оператора: 'Kyivstar'.
2024-12-08 02:14:57 [main] INFO : Робота з мобільним оператором завершена: 'Kyivstar'.
2024-12-08 02:14:57 [main] INFO : Виконання LoginMenu завершено.
2024-12-08 02:14:57 [main] INFO : Меню входу успішно виконано.
2024-12-08 02:14:57 [main] INFO : LoginMenu ініціалізовано з 2 операторами та 2 абонентами.
2024-12-08 02:14:57 [main] INFO : Обробка абонента: 'Subscriber1'.
2024-12-08 02:14:57 [main] INFO : Абонент 'Subscriber1' завершив роботу.
2024-12-08 02:14:57 [main] INFO : LoginMenu ініціалізовано з 2 операторами та 2 абонентами.
2024-12-08 02:14:57 [main] INFO : LoginMenu ініціалізовано з 2 операторами та 2 абонентами.
2024-12-08 02:14:57 [main] INFO : LoginMenu ініціалізовано з 2 операторами та 2 абонентами.
2024-12-08 02:14:57 [main] INFO : Обробка мобільного оператора: 'TestNetwork1'.
2024-12-08 02:14:57 [main] INFO : Робота з мобільним оператором завершена: 'TestNetwork1'.
2024-12-08 02:14:57 [main] INFO : LoginMenu ініціалізовано з 2 операторами та 2 абонентами.
2024-12-08 02:14:57 [main] INFO : Успішний вхід абонента: 'subscriber1'.
2024-12-08 02:14:57 [main] INFO : LoginMenu ініціалізовано з 2 операторами та 2 абонентами.
2024-12-08 02:14:57 [main] INFO : Успішний вхід мобільного оператора: 'operator1'.
2024-12-08 02:14:57 [main] INFO : LoginMenu ініціалізовано з 2 операторами та 2 абонентами.
2024-12-08 02:14:57 [main] WARN : Невдалий вхід абонента: 'subscriber1'. Невірні облікові дані.
2024-12-08 02:14:57 [main] INFO : LoginMenu ініціалізовано з 2 операторами та 2 абонентами.
2024-12-08 02:14:57 [main] INFO : Виконання LoginMenu розпочато.
2024-12-08 02:14:57 [main] INFO : Користувач обрав роль: мобільний оператор.
2024-12-08 02:14:57 [main] INFO : Успішний вхід мобільного оператора: 'operator1'.
2024-12-08 02:14:57 [main] INFO : Вхід мобільного оператора 'TestNetwork1' успішний.
2024-12-08 02:14:57 [main] INFO : Обробка мобільного оператора: 'TestNetwork1'.
2024-12-08 02:14:57 [main] INFO : Робота з мобільним оператором завершена: 'TestNetwork1'.
2024-12-08 02:14:57 [main] INFO : Виконання LoginMenu завершено.
2024-12-08 02:14:57 [main] INFO : LoginMenu ініціалізовано з 2 операторами та 2 абонентами.
2024-12-08 02:14:57 [main] INFO : Виконання LoginMenu розпочато.
2024-12-08 02:14:57 [main] INFO : Користувач обрав роль: абонент.
2024-12-08 02:14:57 [main] INFO : Успішний вхід абонента: 'subscriber1'.
2024-12-08 02:14:57 [main] INFO : Вхід абонента 'Subscriber1' успішний.
2024-12-08 02:14:57 [main] INFO : Обробка абонента: 'Subscriber1'.
2024-12-08 02:14:57 [main] INFO : Абонент 'Subscriber1' завершив роботу.
2024-12-08 02:14:57 [main] INFO : Виконання LoginMenu завершено.
2024-12-08 02:14:57 [main] INFO : LoginMenu ініціалізовано з 2 операторами та 2 абонентами.
2024-12-08 02:14:57 [main] WARN : Невдалий вхід мобільного оператора: 'operator1'. Невірні облікові дані.
2024-12-08 02:15:10 [main] FATAL: Програма стартує...
2024-12-08 02:15:15 [main] INFO : Ініціалізація мобільних мереж, тарифів та абонентів...
2024-12-08 02:15:15 [main] INFO : Мобільна мережа Kyivstar успішно ініціалізована.
2024-12-08 02:15:15 [main] INFO : Мобільна мережа Vodafone успішно ініціалізована.
2024-12-08 02:15:15 [main] INFO : Мобільна мережа Lifecell успішно ініціалізована.
2024-12-08 02:15:15 [main] INFO : Сервіси мобільних мереж успішно створено.
2024-12-08 02:15:15 [main] INFO : Абоненти успішно ініціалізовані.
2024-12-08 02:15:15 [main] INFO : Меню входу створюється...
2024-12-08 02:15:15 [main] INFO : LoginMenu ініціалізовано з 3 операторами та 2 абонентами.
2024-12-08 02:15:15 [main] INFO : Виконання LoginMenu розпочато.
2024-12-08 02:16:56 [main] FATAL: Програма стартує...
2024-12-08 02:17:01 [main] INFO : Ініціалізація мобільних мереж, тарифів та абонентів...
2024-12-08 02:17:01 [main] INFO : Мобільна мережа Kyivstar успішно ініціалізована.
2024-12-08 02:17:01 [main] INFO : Мобільна мережа Vodafone успішно ініціалізована.
2024-12-08 02:17:01 [main] INFO : Мобільна мережа Lifecell успішно ініціалізована.
2024-12-08 02:17:01 [main] INFO : Сервіси мобільних мереж успішно створено.
2024-12-08 02:17:01 [main] INFO : Абоненти успішно ініціалізовані.
2024-12-08 02:17:01 [main] INFO : Меню входу створюється...
2024-12-08 02:17:01 [main] INFO : LoginMenu ініціалізовано з 3 операторами та 2 абонентами.
2024-12-08 02:17:01 [main] INFO : Виконання LoginMenu розпочато.
2024-12-08 02:17:43 [main] FATAL: Програма стартує...
2024-12-08 02:17:48 [main] INFO : Ініціалізація мобільних мереж, тарифів та абонентів...
2024-12-08 02:17:48 [main] INFO : Мобільна мережа Kyivstar успішно ініціалізована.
2024-12-08 02:17:48 [main] INFO : Мобільна мережа Vodafone успішно ініціалізована.
2024-12-08 02:17:48 [main] INFO : Мобільна мережа Lifecell успішно ініціалізована.
2024-12-08 02:17:48 [main] INFO : Сервіси мобільних мереж успішно створено.
2024-12-08 02:17:48 [main] INFO : Абоненти успішно ініціалізовані.
2024-12-08 02:17:48 [main] INFO : Меню входу створюється...
2024-12-08 02:17:48 [main] INFO : LoginMenu ініціалізовано з 3 операторами та 2 абонентами.
2024-12-08 02:17:48 [main] INFO : Виконання LoginMenu розпочато.
2024-12-08 02:18:09 [main] FATAL: Програма стартує...
2024-12-08 02:18:14 [main] INFO : Ініціалізація мобільних мереж, тарифів та абонентів...
2024-12-08 02:18:14 [main] INFO : Мобільна мережа Kyivstar успішно ініціалізована.
2024-12-08 02:18:14 [main] INFO : Мобільна мережа Vodafone успішно ініціалізована.
2024-12-08 02:18:14 [main] INFO : Мобільна мережа Lifecell успішно ініціалізована.
2024-12-08 02:18:14 [main] INFO : Сервіси мобільних мереж успішно створено.
2024-12-08 02:18:14 [main] INFO : Абоненти успішно ініціалізовані.
2024-12-08 02:18:14 [main] INFO : Меню входу створюється...
2024-12-08 02:18:14 [main] INFO : LoginMenu ініціалізовано з 3 операторами та 2 абонентами.
2024-12-08 02:18:14 [main] INFO : Виконання LoginMenu розпочато.
2024-12-08 02:19:16 [main] FATAL: Програма стартує...
2024-12-08 02:19:21 [main] INFO : Ініціалізація мобільних мереж, тарифів та абонентів...
2024-12-08 02:19:21 [main] INFO : Мобільна мережа Kyivstar успішно ініціалізована.
2024-12-08 02:19:21 [main] INFO : Мобільна мережа Vodafone успішно ініціалізована.
2024-12-08 02:19:21 [main] INFO : Мобільна мережа Lifecell успішно ініціалізована.
2024-12-08 02:19:21 [main] INFO : Сервіси мобільних мереж успішно створено.
2024-12-08 02:19:21 [main] INFO : Абоненти успішно ініціалізовані.
2024-12-08 02:19:21 [main] INFO : Меню входу створюється...
2024-12-08 02:19:21 [main] INFO : LoginMenu ініціалізовано з 3 операторами та 2 абонентами.
2024-12-08 02:19:21 [main] INFO : Виконання LoginMenu розпочато.
2024-12-08 02:20:34 [main] FATAL: Програма стартує...
2024-12-08 02:20:44 [main] INFO : Ініціалізація мобільних мереж, тарифів та абонентів...
2024-12-08 02:20:44 [main] INFO : Мобільна мережа Kyivstar успішно ініціалізована.
2024-12-08 02:20:44 [main] INFO : Мобільна мережа Vodafone успішно ініціалізована.
2024-12-08 02:20:44 [main] INFO : Мобільна мережа Lifecell успішно ініціалізована.
2024-12-08 02:20:44 [main] INFO : Сервіси мобільних мереж успішно створено.
2024-12-08 02:20:44 [main] INFO : Абоненти успішно ініціалізовані.
2024-12-08 02:20:44 [main] INFO : Меню входу створюється...
2024-12-08 02:20:44 [main] INFO : LoginMenu ініціалізовано з 3 операторами та 2 абонентами.
2024-12-08 02:20:44 [main] INFO : Виконання LoginMenu розпочато.
2024-12-08 02:21:40 [main] FATAL: Програма стартує...
2024-12-08 02:21:45 [main] INFO : Ініціалізація мобільних мереж, тарифів та абонентів...
2024-12-08 02:21:45 [main] INFO : Мобільна мережа Kyivstar успішно ініціалізована.
2024-12-08 02:21:45 [main] INFO : Мобільна мережа Vodafone успішно ініціалізована.
2024-12-08 02:21:45 [main] INFO : Мобільна мережа Lifecell успішно ініціалізована.
2024-12-08 02:21:45 [main] INFO : Сервіси мобільних мереж успішно створено.
2024-12-08 02:21:45 [main] INFO : Абоненти успішно ініціалізовані.
2024-12-08 02:21:45 [main] INFO : Меню входу створюється...
2024-12-08 02:21:45 [main] INFO : LoginMenu ініціалізовано з 3 операторами та 2 абонентами.
2024-12-08 02:21:45 [main] INFO : Виконання LoginMenu розпочато.
2024-12-08 02:22:54 [main] FATAL: Програма стартує...
2024-12-08 02:22:59 [main] INFO : Ініціалізація мобільних мереж, тарифів та абонентів...
2024-12-08 02:22:59 [main] INFO : Мобільна мережа Kyivstar успішно ініціалізована.
2024-12-08 02:22:59 [main] INFO : Мобільна мережа Vodafone успішно ініціалізована.
2024-12-08 02:22:59 [main] INFO : Мобільна мережа Lifecell успішно ініціалізована.
2024-12-08 02:22:59 [main] INFO : Сервіси мобільних мереж успішно створено.
2024-12-08 02:22:59 [main] INFO : Абоненти успішно ініціалізовані.
2024-12-08 02:22:59 [main] INFO : Меню входу створюється...
2024-12-08 02:22:59 [main] INFO : LoginMenu ініціалізовано з 3 операторами та 2 абонентами.
2024-12-08 02:22:59 [main] INFO : Виконання LoginMenu розпочато.
2024-12-08 02:23:56 [main] INFO : Програма стартує...
2024-12-08 02:23:56 [main] INFO : Ініціалізація мобільних мереж, тарифів та абонентів...
2024-12-08 02:23:56 [main] INFO : Мобільна мережа Kyivstar успішно ініціалізована.
2024-12-08 02:23:56 [main] INFO : Мобільна мережа Vodafone успішно ініціалізована.
2024-12-08 02:23:56 [main] INFO : Мобільна мережа Lifecell успішно ініціалізована.
2024-12-08 02:23:56 [main] INFO : Сервіси мобільних мереж успішно створено.
2024-12-08 02:23:56 [main] INFO : Абоненти успішно ініціалізовані.
2024-12-08 02:23:56 [main] INFO : Меню входу створюється...
2024-12-08 02:23:56 [main] INFO : LoginMenu ініціалізовано з 3 операторами та 2 абонентами.
2024-12-08 02:23:56 [main] INFO : Виконання LoginMenu розпочато.
2024-12-08 02:24:01 [main] INFO : Користувач обрав роль: мобільний оператор.
2024-12-08 02:24:11 [main] INFO : Успішний вхід мобільного оператора: 'kyivstar'.
2024-12-08 02:24:11 [main] INFO : Вхід мобільного оператора 'Kyivstar' успішний.
2024-12-08 02:24:11 [main] INFO : Обробка мобільного оператора: 'Kyivstar'.
2024-12-08 02:24:23 [main] INFO : Робота з мобільним оператором завершена: 'Kyivstar'.
2024-12-08 02:24:23 [main] INFO : Виконання LoginMenu завершено.
2024-12-08 02:24:23 [main] FATAL: Меню входу успішно виконано.
2024-12-08 02:24:28 [main] INFO : Програма завершила виконання.
2024-12-08 02:25:01 [main] INFO : Програма стартує...
2024-12-08 02:25:01 [main] INFO : Ініціалізація мобільних мереж, тарифів та абонентів...
2024-12-08 02:25:01 [main] INFO : Мобільна мережа Kyivstar успішно ініціалізована.
2024-12-08 02:25:01 [main] INFO : Мобільна мережа Vodafone успішно ініціалізована.
2024-12-08 02:25:01 [main] INFO : Мобільна мережа Lifecell успішно ініціалізована.
2024-12-08 02:25:01 [main] INFO : Сервіси мобільних мереж успішно створено.
2024-12-08 02:25:01 [main] INFO : Абоненти успішно ініціалізовані.
2024-12-08 02:25:01 [main] INFO : Меню входу створюється...
2024-12-08 02:25:01 [main] INFO : LoginMenu ініціалізовано з 3 операторами та 2 абонентами.
2024-12-08 02:25:01 [main] INFO : Виконання LoginMenu розпочато.
2024-12-08 02:25:06 [main] INFO : Користувач обрав роль: мобільний оператор.
2024-12-08 02:25:13 [main] INFO : Успішний вхід мобільного оператора: 'kyivstar'.
2024-12-08 02:25:13 [main] INFO : Вхід мобільного оператора 'Kyivstar' успішний.
2024-12-08 02:25:13 [main] INFO : Обробка мобільного оператора: 'Kyivstar'.
2024-12-08 02:25:16 [main] INFO : Робота з мобільним оператором завершена: 'Kyivstar'.
2024-12-08 02:25:16 [main] INFO : Виконання LoginMenu завершено.
2024-12-08 02:25:16 [main] INFO : Меню входу успішно виконано.
2024-12-08 02:25:16 [main] FATAL: Програма завершила виконання.
2024-12-08 14:02:25 [main] INFO : Програма стартує...
2024-12-08 14:02:25 [main] INFO : Ініціалізація мобільних мереж, тарифів та абонентів...
2024-12-08 14:02:25 [main] INFO : Мобільна мережа Kyivstar успішно ініціалізована.
2024-12-08 14:02:25 [main] INFO : Мобільна мережа Vodafone успішно ініціалізована.
2024-12-08 14:02:25 [main] INFO : Мобільна мережа Lifecell успішно ініціалізована.
2024-12-08 14:02:25 [main] INFO : Сервіси мобільних мереж успішно створено.
2024-12-08 14:02:25 [main] INFO : Абоненти успішно ініціалізовані.
2024-12-08 14:02:25 [main] INFO : Меню входу створюється...
2024-12-08 14:02:25 [main] INFO : LoginMenu ініціалізовано з 3 операторами та 2 абонентами.
2024-12-08 14:02:25 [main] INFO : Виконання LoginMenu розпочато.
2024-12-08 14:02:32 [main] INFO : Користувач обрав роль: мобільний оператор.
2024-12-08 14:02:37 [main] INFO : Успішний вхід мобільного оператора: 'kyivstar'.
2024-12-08 14:02:37 [main] INFO : Вхід мобільного оператора 'Kyivstar' успішний.
2024-12-08 14:02:37 [main] INFO : Обробка мобільного оператора: 'Kyivstar'.
2024-12-08 14:02:37 [main] INFO : MainMenu ініціалізовано для ролі: 'Мобільний оператор'. Доступно 4 команд.
2024-12-08 14:02:37 [main] INFO : Виконання MainMenu для ролі 'Мобільний оператор' розпочато.
2024-12-08 14:02:37 [main] INFO : Відображено меню для ролі 'Мобільний оператор'.
2024-12-08 14:03:06 [main] INFO : Користувач обрав команду №4: 'Переглянути наявні тарифи'.
2024-12-08 14:03:17 [main] INFO : Відображено меню для ролі 'Мобільний оператор'.
2024-12-08 14:03:29 [main] INFO : Користувач обрав команду №4: 'Переглянути наявні тарифи'.
2024-12-08 14:03:30 [main] INFO : Відображено меню для ролі 'Мобільний оператор'.
2024-12-08 14:03:33 [main] INFO : Користувач вибрав вихід з меню.
2024-12-08 14:03:33 [main] INFO : Виконання MainMenu для ролі 'Мобільний оператор' завершено.
2024-12-08 14:03:33 [main] INFO : Робота з мобільним оператором завершена: 'Kyivstar'.
2024-12-08 14:03:33 [main] INFO : Виконання LoginMenu завершено.
2024-12-08 14:03:33 [main] INFO : Меню входу успішно виконано.
2024-12-08 14:03:33 [main] INFO : Програма завершила виконання.
2024-12-08 14:38:10 [main] INFO : Програма стартує...
2024-12-08 14:38:10 [main] INFO : Ініціалізація мобільних мереж, тарифів та абонентів...
2024-12-08 14:38:10 [main] INFO : Створено новий тариф передплати: ім'я = 'Безлімітний', місячна плата = 120.0, хвилини дзвінків = 500, гігабайти інтернету = 150.0
2024-12-08 14:38:10 [main] INFO : Створено новий тариф передплати: ім'я = 'Преміум Контракт', місячна плата = 150.0, хвилини дзвінків = 1000, гігабайти інтернету = 300.0
2024-12-08 14:38:10 [main] INFO : Створено новий контрактний тариф: ім'я = 'Преміум Контракт', місячна плата = 150.0, хвилини дзвінків = 1000, гігабайти інтернету = 300.0, додаткові послуги = 'Безкоштовний роумінг'
2024-12-08 14:38:10 [main] INFO : Створено мобільну мережу 'Kyivstar', кількість тарифів: 2
2024-12-08 14:38:10 [main] INFO : Мобільна мережа Kyivstar успішно ініціалізована.
2024-12-08 14:38:10 [main] INFO : Створено новий тариф передплати: ім'я = 'Максимальний', місячна плата = 110.0, хвилини дзвінків = 600, гігабайти інтернету = 200.0
2024-12-08 14:38:10 [main] INFO : Створено новий тариф передплати: ім'я = 'Контракт Бізнес', місячна плата = 130.0, хвилини дзвінків = 1200, гігабайти інтернету = 350.0
2024-12-08 14:38:10 [main] INFO : Створено новий контрактний тариф: ім'я = 'Контракт Бізнес', місячна плата = 130.0, хвилини дзвінків = 1200, гігабайти інтернету = 350.0, додаткові послуги = 'Пріоритетна підтримка'
2024-12-08 14:38:10 [main] INFO : Створено мобільну мережу 'Vodafone', кількість тарифів: 2
2024-12-08 14:38:10 [main] INFO : Мобільна мережа Vodafone успішно ініціалізована.
2024-12-08 14:38:10 [main] INFO : Створено новий тариф передплати: ім'я = 'Зручний', місячна плата = 125.0, хвилини дзвінків = 400, гігабайти інтернету = 130.0
2024-12-08 14:38:10 [main] INFO : Створено новий тариф передплати: ім'я = 'Сімейний Контракт', місячна плата = 160.0, хвилини дзвінків = 800, гігабайти інтернету = 250.0
2024-12-08 14:38:10 [main] INFO : Створено новий контрактний тариф: ім'я = 'Сімейний Контракт', місячна плата = 160.0, хвилини дзвінків = 800, гігабайти інтернету = 250.0, додаткові послуги = 'Додатковий номер безкоштовно'
2024-12-08 14:38:10 [main] INFO : Створено мобільну мережу 'Lifecell', кількість тарифів: 2
2024-12-08 14:38:10 [main] INFO : Мобільна мережа Lifecell успішно ініціалізована.
2024-12-08 14:38:10 [main] INFO : Створено сервіс мобільної мережі для мережі 'Kyivstar'
2024-12-08 14:38:10 [main] INFO : Створено сервіс мобільної мережі для мережі 'Vodafone'
2024-12-08 14:38:10 [main] INFO : Створено сервіс мобільної мережі для мережі 'Lifecell'
2024-12-08 14:38:10 [main] INFO : Сервіси мобільних мереж успішно створено.
2024-12-08 14:38:10 [main] INFO : Знайдено тариф 'Безлімітний' у мережі 'Kyivstar'.
2024-12-08 14:38:10 [main] INFO : До тарифу 'Безлімітний' додано нового абонента. Поточна кількість абонентів: 1
2024-12-08 14:38:10 [main] INFO : Створено нового абонента: ім'я = 'Maksym', вік = 30, номер = '0951234567', тариф = 'Безлімітний'
2024-12-08 14:38:10 [main] INFO : Знайдено тариф 'Контракт Бізнес' у мережі 'Vodafone'.
2024-12-08 14:38:10 [main] INFO : До тарифу 'Контракт Бізнес' додано нового абонента. Поточна кількість абонентів: 1
2024-12-08 14:38:10 [main] INFO : Створено нового абонента: ім'я = 'Olga', вік = 25, номер = '0937654321', тариф = 'Контракт Бізнес'
2024-12-08 14:38:10 [main] INFO : Абоненти успішно ініціалізовані.
2024-12-08 14:38:10 [main] INFO : Меню входу створюється...
2024-12-08 14:38:10 [main] INFO : LoginMenu ініціалізовано з 3 операторами та 2 абонентами.
2024-12-08 14:38:10 [main] INFO : Виконання LoginMenu розпочато.
2024-12-08 14:38:57 [main] INFO : Користувач обрав роль: мобільний оператор.
2024-12-08 14:39:05 [main] INFO : Успішний вхід мобільного оператора: 'kyivstar'.
2024-12-08 14:39:05 [main] INFO : Вхід мобільного оператора 'Kyivstar' успішний.
2024-12-08 14:39:05 [main] INFO : Обробка мобільного оператора: 'Kyivstar'.
2024-12-08 14:39:05 [main] INFO : Ініціалізовано команду 'Додати тариф' для мережі 'Kyivstar'
2024-12-08 14:39:05 [main] INFO : MainMenu ініціалізовано для ролі: 'Мобільний оператор'. Доступно 4 команд.
2024-12-08 14:39:05 [main] INFO : Виконання MainMenu для ролі 'Мобільний оператор' розпочато.
2024-12-08 14:39:05 [main] INFO : Відображено меню для ролі 'Мобільний оператор'.
2024-12-08 14:39:13 [main] INFO : Користувач обрав команду №4: 'Переглянути наявні тарифи'.
2024-12-08 14:39:13 [main] INFO : Виконання команди 'Переглянути наявні тарифи'
2024-12-08 14:39:13 [main] INFO : Виведення списку тарифів.
2024-12-08 14:39:21 [main] INFO : Користувач вибрав опцію: 1
2024-12-08 14:39:21 [main] INFO : Підрахунок клієнтів.
2024-12-08 14:39:21 [main] INFO : Загальна кількість клієнтів у мережі 'Kyivstar': 1
2024-12-08 14:39:21 [main] INFO : Відображено меню для ролі 'Мобільний оператор'.
2024-12-08 14:39:32 [main] INFO : Користувач вибрав вихід з меню.
2024-12-08 14:39:32 [main] INFO : Виконання MainMenu для ролі 'Мобільний оператор' завершено.
2024-12-08 14:39:32 [main] INFO : Робота з мобільним оператором завершена: 'Kyivstar'.
2024-12-08 14:39:32 [main] INFO : Виконання LoginMenu завершено.
2024-12-08 14:39:32 [main] INFO : Меню входу успішно виконано.
2024-12-08 14:39:32 [main] INFO : Програма завершила виконання.
2024-12-08 23:50:26 [main] INFO : Програма стартує...
2024-12-08 23:50:26 [main] INFO : Ініціалізація мобільних мереж, тарифів та абонентів...
2024-12-08 23:50:26 [main] INFO : Створено новий тариф передплати: ім'я = 'Безлімітний', місячна плата = 120.0, хвилини дзвінків = 500, гігабайти інтернету = 150.0
2024-12-08 23:50:26 [main] INFO : Створено новий тариф передплати: ім'я = 'Преміум Контракт', місячна плата = 150.0, хвилини дзвінків = 1000, гігабайти інтернету = 300.0
2024-12-08 23:50:26 [main] INFO : Створено новий контрактний тариф: ім'я = 'Преміум Контракт', місячна плата = 150.0, хвилини дзвінків = 1000, гігабайти інтернету = 300.0, додаткові послуги = 'Безкоштовний роумінг'
2024-12-08 23:50:26 [main] INFO : Створено мобільну мережу 'Kyivstar', кількість тарифів: 2
2024-12-08 23:50:26 [main] INFO : Мобільна мережа Kyivstar успішно ініціалізована.
2024-12-08 23:50:26 [main] INFO : Створено новий тариф передплати: ім'я = 'Максимальний', місячна плата = 110.0, хвилини дзвінків = 600, гігабайти інтернету = 200.0
2024-12-08 23:50:26 [main] INFO : Створено новий тариф передплати: ім'я = 'Контракт Бізнес', місячна плата = 130.0, хвилини дзвінків = 1200, гігабайти інтернету = 350.0
2024-12-08 23:50:26 [main] INFO : Створено новий контрактний тариф: ім'я = 'Контракт Бізнес', місячна плата = 130.0, хвилини дзвінків = 1200, гігабайти інтернету = 350.0, додаткові послуги = 'Пріоритетна підтримка'
2024-12-08 23:50:26 [main] INFO : Створено мобільну мережу 'Vodafone', кількість тарифів: 2
2024-12-08 23:50:26 [main] INFO : Мобільна мережа Vodafone успішно ініціалізована.
2024-12-08 23:50:26 [main] INFO : Створено новий тариф передплати: ім'я = 'Зручний', місячна плата = 125.0, хвилини дзвінків = 400, гігабайти інтернету = 130.0
2024-12-08 23:50:26 [main] INFO : Створено новий тариф передплати: ім'я = 'Сімейний Контракт', місячна плата = 160.0, хвилини дзвінків = 800, гігабайти інтернету = 250.0
2024-12-08 23:50:26 [main] INFO : Створено новий контрактний тариф: ім'я = 'Сімейний Контракт', місячна плата = 160.0, хвилини дзвінків = 800, гігабайти інтернету = 250.0, додаткові послуги = 'Додатковий номер безкоштовно'
2024-12-08 23:50:26 [main] INFO : Створено мобільну мережу 'Lifecell', кількість тарифів: 2
2024-12-08 23:50:26 [main] INFO : Мобільна мережа Lifecell успішно ініціалізована.
2024-12-08 23:50:26 [main] INFO : Створено сервіс мобільної мережі для мережі 'Kyivstar'
2024-12-08 23:50:26 [main] INFO : Створено сервіс мобільної мережі для мережі 'Vodafone'
2024-12-08 23:50:26 [main] INFO : Створено сервіс мобільної мережі для мережі 'Lifecell'
2024-12-08 23:50:26 [main] INFO : Сервіси мобільних мереж успішно створено.
2024-12-08 23:50:26 [main] INFO : Знайдено тариф 'Безлімітний' у мережі 'Kyivstar'.
2024-12-08 23:50:26 [main] INFO : До тарифу 'Безлімітний' додано нового абонента. Поточна кількість абонентів: 1
2024-12-08 23:50:26 [main] INFO : Створено нового абонента: ім'я = 'Maksym', вік = 30, номер = '0951234567', тариф = 'Безлімітний'
2024-12-08 23:50:26 [main] INFO : Знайдено тариф 'Контракт Бізнес' у мережі 'Vodafone'.
2024-12-08 23:50:26 [main] INFO : До тарифу 'Контракт Бізнес' додано нового абонента. Поточна кількість абонентів: 1
2024-12-08 23:50:26 [main] INFO : Створено нового абонента: ім'я = 'Olga', вік = 25, номер = '0937654321', тариф = 'Контракт Бізнес'
2024-12-08 23:50:26 [main] INFO : Абоненти успішно ініціалізовані.
2024-12-08 23:50:26 [main] INFO : Меню входу створюється...
2024-12-08 23:50:26 [main] INFO : LoginMenu ініціалізовано з 3 операторами та 2 абонентами.
2024-12-08 23:50:26 [main] INFO : Виконання LoginMenu розпочато.
2024-12-08 23:52:02 [main] INFO : Користувач обрав роль: мобільний оператор.
2024-12-08 23:52:08 [main] INFO : Успішний вхід мобільного оператора: 'kyivstar'.
2024-12-08 23:52:08 [main] INFO : Вхід мобільного оператора 'Kyivstar' успішний.
2024-12-08 23:52:08 [main] INFO : Обробка мобільного оператора: 'Kyivstar'.
2024-12-08 23:52:08 [main] INFO : Ініціалізовано команду 'Додати тариф' для мережі 'Kyivstar'
2024-12-08 23:52:08 [main] INFO : MainMenu ініціалізовано для ролі: 'Мобільний оператор'. Доступно 4 команд.
2024-12-08 23:52:08 [main] INFO : Виконання MainMenu для ролі 'Мобільний оператор' розпочато.
2024-12-08 23:52:08 [main] INFO : Відображено меню для ролі 'Мобільний оператор'.
2024-12-08 23:52:12 [main] INFO : Користувач обрав команду №4: 'Переглянути наявні тарифи'.
2024-12-08 23:52:12 [main] INFO : Виконання команди 'Переглянути наявні тарифи'
2024-12-08 23:52:12 [main] INFO : Виведення списку тарифів.
2024-12-08 23:52:14 [main] INFO : Користувач вибрав опцію: 3
2024-12-08 23:52:14 [main] INFO : Завершення роботи команди.
2024-12-08 23:52:14 [main] INFO : Відображено меню для ролі 'Мобільний оператор'.
